 |--------|------------|
 | ANGLE  |  PHASE FCT |
 |--------|------------|
      .00   78.398    
     1.00   60.141    
     2.00   33.981    
     3.00   22.163    
     4.00   16.946    
     5.00   14.182    
     6.00   12.505    
     7.00   11.389    
     8.00   10.561    
     9.00   9.9093    
    10.00   9.3593    
    11.00   8.8806    
    12.00   8.4485    
    13.00   8.0504    
    14.00   7.6796    
    15.00   7.3297    
    16.00   6.9982    
    17.00   6.6824    
    18.00   6.3807    
    19.00   6.0921    
    20.00   5.8159    
    21.00   5.5512    
    22.00   5.2979    
    23.00   5.0551    
    24.00   4.8227    
    25.00   4.6001    
    26.00   4.3871    
    27.00   4.1835    
    28.00   3.9887    
    29.00   3.8027    
    30.00   3.6248    
    31.00   3.4551    
    32.00   3.2931    
    33.00   3.1386    
    34.00   2.9913    
    35.00   2.8508    
    36.00   2.7169    
    37.00   2.5893    
    38.00   2.4680    
    39.00   2.3523    
    40.00   2.2423    
    41.00   2.1376    
    42.00   2.0380    
    43.00   1.9432    
    44.00   1.8531    
    45.00   1.7674    
    46.00   1.6860    
    47.00   1.6086    
    48.00   1.5349    
    49.00   1.4650    
    50.00   1.3985    
    51.00   1.3353    
    52.00   1.2752    
    53.00   1.2182    
    54.00   1.1639    
    55.00   1.1124    
    56.00   1.0635    
    57.00   1.0169    
    58.00   .97273    
    59.00   .93074    
    60.00   .89082    
    61.00   .85290    
    62.00   .81684    
    63.00   .78259    
    64.00   .75002    
    65.00   .71908    
    66.00   .68966    
    67.00   .66170    
    68.00   .63512    
    69.00   .60986    
    70.00   .58584    
    71.00   .56301    
    72.00   .54129    
    73.00   .52065    
    74.00   .50102    
    75.00   .48236    
    76.00   .46461    
    77.00   .44774    
    78.00   .43169    
    79.00   .41643    
    80.00   .40192    
    81.00   .38812    
    82.00   .37500    
    83.00   .36252    
    84.00   .35066    
    85.00   .33938    
    86.00   .32865    
    87.00   .31846    
    88.00   .30878    
    89.00   .29958    
    90.00   .29085    
    91.00   .28256    
    92.00   .27469    
    93.00   .26723    
    94.00   .26015    
    95.00   .25344    
    96.00   .24708    
    97.00   .24106    
    98.00   .23536    
    99.00   .22997    
   100.00   .22487    
   101.00   .22006    
   102.00   .21552    
   103.00   .21124    
   104.00   .20721    
   105.00   .20342    
   106.00   .19986    
   107.00   .19653    
   108.00   .19341    
   109.00   .19050    
   110.00   .18780    
   111.00   .18528    
   112.00   .18296    
   113.00   .18082    
   114.00   .17885    
   115.00   .17706    
   116.00   .17543    
   117.00   .17396    
   118.00   .17265    
   119.00   .17149    
   120.00   .17049    
   121.00   .16963    
   122.00   .16891    
   123.00   .16834    
   124.00   .16790    
   125.00   .16760    
   126.00   .16743    
   127.00   .16739    
   128.00   .16748    
   129.00   .16769    
   130.00   .16803    
   131.00   .16850    
   132.00   .16908    
   133.00   .16979    
   134.00   .17062    
   135.00   .17156    
   136.00   .17262    
   137.00   .17379    
   138.00   .17507    
   139.00   .17646    
   140.00   .17796    
   141.00   .17957    
   142.00   .18127    
   143.00   .18308    
   144.00   .18497    
   145.00   .18696    
   146.00   .18903    
   147.00   .19119    
   148.00   .19341    
   149.00   .19571    
   150.00   .19808    
   151.00   .20051    
   152.00   .20299    
   153.00   .20554    
   154.00   .20814    
   155.00   .21081    
   156.00   .21354    
   157.00   .21636    
   158.00   .21926    
   159.00   .22225    
   160.00   .22532    
   161.00   .22846    
   162.00   .23166    
   163.00   .23493    
   164.00   .23837    
   165.00   .24217    
   166.00   .24652    
   167.00   .25156    
   168.00   .25740    
   169.00   .26405    
   170.00   .27151    
   171.00   .27969    
   172.00   .28844    
   173.00   .29747    
   174.00   .30645    
   175.00   .31478    
   176.00   .32185    
   177.00   .32700    
   178.00   .33016    
   179.00   .33298    
   180.00   .33537    
 |--------|------------|
 .550000     micron = Wavelength
 1.11202     = Extinction efficiency (Q)
 1.04890     = Scattering efficiency (Qs)
 .631135E-01 = Absorption efficiency (Qa)
 .316333     = Lidar ratio
 .930023E-02 micron^2 = <b> = Average surface area per particle
 .103420E-01 microns^2 = Extinction cross section (C)
 .975504E-02 microns^2 = Scattering cross section (Cs)
 .586970E-03 microns^2 = Absorption cross section (Ca)
 |----------------------------------------------------|
 | COMMENTAIRES:                                      |
 |----------------------------------------------------|
 |   -Cross section / <b> should = efficiency         |
 |    is independant of the normalisation of dN/dx    |
 |   -The integral of the phase fct / 4 pi over all   |
 |    directions (solid angle) = 1.                   |
 |   -The volume coefficient (k) is equal to C * N    |
 |      = cross section * Number density              |
 |      typical units: [um^2]*[particles/cm^3] =      |
 |      [10^-3 km-1]                                  |
 |      N = M/(d*4/3*pi*r^3) where d is the density   |
 |      of particle, M is the mass per unit volume    |
 |      and 4/3*pi*r^3 is the average volume  of a    |
 |      particle.                                     |
 |      typical units:  M -> [ug/m^3], d -> [g/cm^3]  |
 |                      r -> [um]                     |
 |----------------------------------------------------|
