 MASS FRACTIONS:
 SULFATE    0.000
 SEASALT    0.000
 NITRATE    0.000
 BLACKCAR   0.000
 SOILDUST   0.000
 OMCARBON   1.000
 RELATIVE HUMIDITY =   10.
 RADIUS RATIO FOR 12 SIZE BINS:
    1.000000   1.000000   1.000000   1.000000
    1.000000   1.000000   1.000000   1.000000
    1.000000   1.000000   1.000000   1.000000

 RELATIVE HUMIDITY =   20.
 RADIUS RATIO FOR 12 SIZE BINS:
    1.000000   1.000000   1.000000   1.000000
    1.000000   1.000000   1.000000   1.000000
    1.000000   1.000000   1.000000   1.000000

 RELATIVE HUMIDITY =   30.0000019
 RADIUS RATIO FOR 12 SIZE BINS:
    1.000000   1.000000   1.000000   1.000000
    1.000000   1.000000   1.000000   1.000000
    1.000000   1.000000   1.000000   1.000000

 RELATIVE HUMIDITY =   40.
 RADIUS RATIO FOR 12 SIZE BINS:
    1.008411   1.009342   1.009835   1.010090
    1.010219   1.010284   1.010317   1.010333
    1.010341   1.010345   1.010347   1.010348

 RELATIVE HUMIDITY =   50.
 RADIUS RATIO FOR 12 SIZE BINS:
    1.050845   1.056300   1.059199   1.060698
    1.061462   1.061848   1.062041   1.062139
    1.062187   1.062211   1.062224   1.062230

 RELATIVE HUMIDITY =   60.0000038
 RADIUS RATIO FOR 12 SIZE BINS:
    1.119072   1.132086   1.139078   1.142720
    1.144582   1.145525   1.145999   1.146237
    1.146356   1.146416   1.146446   1.146461

 RELATIVE HUMIDITY =   70.
 RADIUS RATIO FOR 12 SIZE BINS:
    1.221000   1.247095   1.261409   1.268957
    1.272846   1.274823   1.275820   1.276320
    1.276571   1.276697   1.276760   1.276791

 RELATIVE HUMIDITY =   80.
 RADIUS RATIO FOR 12 SIZE BINS:
    1.373146   1.425165   1.454908   1.470980
    1.479384   1.483691   1.485873   1.486972
    1.487524   1.487800   1.487938   1.488007

 RELATIVE HUMIDITY =   90.
 RADIUS RATIO FOR 12 SIZE BINS:
    1.502571   1.602380   1.665820   1.702153
    1.721807   1.732086   1.737353   1.740021
    1.741364   1.742038   1.742376   1.742545

 RELATIVE HUMIDITY =   95.
 RADIUS RATIO FOR 12 SIZE BINS:
    1.608285   1.780529   1.911677   1.993495
    2.040042   2.065198   2.078346   2.085080
    2.088490   2.090206   2.091067   2.091499

 RELATIVE HUMIDITY =   98.
 RADIUS RATIO FOR 12 SIZE BINS:
    1.703784   2.000480   2.299734   2.522964
    2.657092   2.731076   2.770283   2.790560
    2.800892   2.806108   2.808734   2.810045

 RELATIVE HUMIDITY =   99.
 RADIUS RATIO FOR 12 SIZE BINS:
    1.751963   2.135358   2.598912   2.996109
    3.257321   3.407167   3.487413   3.528934
    3.550052   3.560703   3.566050   3.568729

