 |--------|------------|
 | ANGLE  |  PHASE FCT |
 |--------|------------|
     0.00   853.07    
     1.00   740.14    
     2.00   473.19    
     3.00   205.52    
     4.00   48.911    
     5.00   8.1751    
     6.00   18.403    
     7.00   23.335    
     8.00   12.713    
     9.00   2.6457    
    10.00   2.8589    
    11.00   8.2529    
    12.00   10.700    
    13.00   8.4267    
    14.00   4.4214    
    15.00   1.4671    
    16.00  0.57737    
    17.00   1.6802    
    18.00   3.7896    
    19.00   5.1654    
    20.00   4.6128    
    21.00   2.7519    
    22.00   1.4609    
    23.00   1.9015    
    24.00   3.3436    
    25.00   4.0686    
    26.00   3.2644    
    27.00   1.8043    
    28.00   1.1687    
    29.00   1.8283    
    30.00   2.8636    
    31.00   3.0831    
    32.00   2.2945    
    33.00   1.3934    
    34.00   1.3038    
    35.00   1.9662    
    36.00   2.4532    
    37.00   2.0737    
    38.00   1.2107    
    39.00  0.85877    
    40.00   1.3669    
    41.00   1.9738    
    42.00   1.7904    
    43.00  0.96742    
    44.00  0.48237    
    45.00  0.83127    
    46.00   1.4019    
    47.00   1.3472    
    48.00  0.72197    
    49.00  0.34326    
    50.00  0.63520    
    51.00   1.0776    
    52.00  0.98197    
    53.00  0.46614    
    54.00  0.25639    
    55.00  0.62131    
    56.00  0.98590    
    57.00  0.78779    
    58.00  0.30775    
    59.00  0.23370    
    60.00  0.62399    
    61.00  0.84948    
    62.00  0.57391    
    63.00  0.23092    
    64.00  0.29788    
    65.00  0.57674    
    66.00  0.59072    
    67.00  0.35300    
    68.00  0.25468    
    69.00  0.37821    
    70.00  0.43197    
    71.00  0.31371    
    72.00  0.25183    
    73.00  0.33724    
    74.00  0.35913    
    75.00  0.22750    
    76.00  0.16012    
    77.00  0.27460    
    78.00  0.35155    
    79.00  0.22395    
    80.00  0.87571E-01
    81.00  0.16077    
    82.00  0.30004    
    83.00  0.25394    
    84.00  0.95824E-01
    85.00  0.81023E-01
    86.00  0.20828    
    87.00  0.24922    
    88.00  0.14744    
    89.00  0.81142E-01
    90.00  0.13738    
    91.00  0.19601    
    92.00  0.16915    
    93.00  0.12726    
    94.00  0.13486    
    95.00  0.14794    
    96.00  0.13146    
    97.00  0.12519    
    98.00  0.14189    
    99.00  0.13133    
   100.00  0.87403E-01
   101.00  0.72243E-01
   102.00  0.98864E-01
   103.00  0.10203    
   104.00  0.57854E-01
   105.00  0.25660E-01
   106.00  0.38845E-01
   107.00  0.54182E-01
   108.00  0.41305E-01
   109.00  0.29687E-01
   110.00  0.36893E-01
   111.00  0.36816E-01
   112.00  0.25607E-01
   113.00  0.36428E-01
   114.00  0.65826E-01
   115.00  0.66526E-01
   116.00  0.34262E-01
   117.00  0.21753E-01
   118.00  0.46179E-01
   119.00  0.61443E-01
   120.00  0.42475E-01
   121.00  0.21041E-01
   122.00  0.18827E-01
   123.00  0.18299E-01
   124.00  0.15831E-01
   125.00  0.31370E-01
   126.00  0.53015E-01
   127.00  0.45123E-01
   128.00  0.20261E-01
   129.00  0.27347E-01
   130.00  0.62047E-01
   131.00  0.69014E-01
   132.00  0.39116E-01
   133.00  0.20751E-01
   134.00  0.28273E-01
   135.00  0.26453E-01
   136.00  0.12935E-01
   137.00  0.25009E-01
   138.00  0.55554E-01
   139.00  0.55868E-01
   140.00  0.31652E-01
   141.00  0.39330E-01
   142.00  0.76861E-01
   143.00  0.80149E-01
   144.00  0.41561E-01
   145.00  0.27231E-01
   146.00  0.58599E-01
   147.00  0.80191E-01
   148.00  0.64434E-01
   149.00  0.49644E-01
   150.00  0.60081E-01
   151.00  0.83420E-01
   152.00  0.12850    
   153.00  0.20965    
   154.00  0.29124    
   155.00  0.34565    
   156.00  0.41472    
   157.00  0.49972    
   158.00  0.49472    
   159.00  0.39899    
   160.00  0.44646    
   161.00  0.76089    
   162.00   1.0452    
   163.00  0.98546    
   164.00  0.80421    
   165.00  0.89835    
   166.00   1.0574    
   167.00  0.76187    
   168.00  0.26734    
   169.00  0.45433    
   170.00   1.2994    
   171.00   1.5646    
   172.00  0.72095    
   173.00  0.15404    
   174.00   1.2730    
   175.00   3.1567    
   176.00   3.6082    
   177.00   2.2494    
   178.00  0.89770    
   179.00  0.75117    
   180.00  0.97994    
 |--------|------------|
0.500000     micron = Wavelength
 2.10690     = Extinction efficiency (Q)
 2.10690     = Scattering efficiency (Qs)
 0.00000     = Absorption efficiency (Qa)
 12.8236     = Lidar ratio
 32.1772     micron^2 = <b> = Average surface area per particle
 67.7943     microns^2 = Extinction cross section (C)
 67.7943     microns^2 = Scattering cross section (Cs)
-.284217E-13 microns^2 = Absorption cross section (Ca)
 |----------------------------------------------------|
 | COMMENTAIRES:                                      |
 |----------------------------------------------------|
 |   -Cross section / <b> should = efficiency         |
 |    is independant of the normalisation of dN/dx    |
 |   -The integral of the phase fct / 4 pi over all   |
 |    directions (solid angle) = 1.                   |
 |   -The volume coefficient (k) is equal to C * N    |
 |      = cross section * Number density              |
 |      typical units: [um^2]*[particles/cm^3] =      |
 |      [10^-3 km-1]                                  |
 |      N = M/(d*4/3*pi*r^3) where d is the density   |
 |      of particle, M is the mass per unit volume    |
 |      and 4/3*pi*r^3 is the average volume  of a    |
 |      particle.                                     |
 |      typical units:  M -> [ug/m^3], d -> [g/cm^3]  |
 |                      r -> [um]                     |
 |      Lidar ratio= 4 pi Qe / phase_fct(180)*Qs      |
 |----------------------------------------------------|
