 |--------|------------|
 | ANGLE  |  PHASE FCT |
 |--------|------------|
     0.00   632.45    
     5.00   61.428    
    10.00   11.348    
    15.00   4.7123    
    20.00   2.9258    
    25.00   2.1060    
    30.00   1.6123    
    35.00   1.2742    
    40.00   1.0184    
    45.00  0.81757    
    50.00  0.65417    
    55.00  0.52262    
    60.00  0.41896    
    65.00  0.33781    
    70.00  0.27235    
    75.00  0.22050    
    80.00  0.17985    
    85.00  0.14779    
    90.00  0.12213    
    95.00  0.10182    
   100.00  0.86091E-01
   105.00  0.74051E-01
   110.00  0.65095E-01
   115.00  0.58624E-01
   120.00  0.54278E-01
   125.00  0.51888E-01
   130.00  0.51509E-01
   135.00  0.53770E-01
   140.00  0.59953E-01
   145.00  0.73834E-01
   150.00  0.10361    
   155.00  0.16452    
   160.00  0.26241    
   165.00  0.32902    
   170.00  0.35709    
   175.00  0.46510    
   180.00  0.36987    
 |--------|------------|
0.500000     micron = Wavelength
 2.28077     = Extinction efficiency (Q)
 1.71085     = Scattering efficiency (Qs)
0.569921     = Absorption efficiency (Qa)
 45.2928     = Lidar ratio
 3.43503     micron^2 = <b> = Average surface area per particle
 7.83451     microns^2 = Extinction cross section (C)
 5.87682     microns^2 = Scattering cross section (Cs)
 1.95770     microns^2 = Absorption cross section (Ca)
 |----------------------------------------------------|
 | COMMENTAIRES:                                      |
 |----------------------------------------------------|
 |   -Cross section / <b> should = efficiency         |
 |    is independant of the normalisation of dN/dx    |
 |   -The integral of the phase fct / 4 pi over all   |
 |    directions (solid angle) = 1.                   |
 |   -The volume coefficient (k) is equal to C * N    |
 |      = cross section * Number density              |
 |      typical units: [um^2]*[particles/cm^3] =      |
 |      [10^-3 km-1]                                  |
 |      N = M/(d*4/3*pi*r^3) where d is the density   |
 |      of particle, M is the mass per unit volume    |
 |      and 4/3*pi*r^3 is the average volume  of a    |
 |      particle.                                     |
 |      typical units:  M -> [ug/m^3], d -> [g/cm^3]  |
 |                      r -> [um]                     |
 |      Lidar ratio= 4 pi Qe / phase_fct(180)*Qs      |
 |----------------------------------------------------|
