************************************************
*                                              *
*                     imies                    *
*                                              *
*         Mie's calculations for any PSD       *
*     definition, particle type, wavelength    *
*            and relative humidity             *
*                                              *
*     Martin Aube 2000                         *
*                                              *
************************************************
 
 Experiment directory /home/martin/AODSEM/Examples/imies
 Executing intermie...
 Root name for input-output files ?(MAX 40 CHAR):
 Extensions .mie (input file), .mie.out (output file) and  .mie.psd (psd file)
 will be add to the root name.
 Reading input file:test.mie.         ..
 Opening output file:test.mie.out...
 ... Termine.
 Ouverture du fichier psd:test.mie.psd...
 ...Done.
 Reading psd file:test.mie.psd.      ..
 ...Done.


 In how many Sub-bins do you wish to split PSD? (MAX.   5000., MIN 1334)
 Closing psd file.
 Particle shape:
 1)  SPHERE                    EXACT
 Defining size increment...
 ...Done
 Defining size distribution...
 |----------------------------|
 |      SIZE DISTRIBUTION     |
 |-------------|--------------|
 | SIZE PARAM. | PSD          |
 |        0.267|      0.004722|
 |        0.400|      0.012229|
 |        0.533|      0.021933|
 |        0.667|      0.032581|
 |        0.800|      0.043256|
 |        0.933|      0.053385|
 |        1.066|      0.062653|
 |        1.200|      0.070908|
 |        1.333|      0.077974|
 |        1.466|      0.084035|
 |        1.600|      0.089155|
 |        1.733|      0.093413|
 |        1.866|      0.096887|
 |        2.000|      0.099658|
 |        2.133|      0.101803|
 |        2.266|      0.103393|
 |        2.399|      0.104494|
 |        2.533|      0.105118|
 |        2.666|      0.105385|
 |        2.799|      0.105341|
 |        2.933|      0.105027|
 |        3.066|      0.104479|
 |        3.199|      0.103730|
 |        3.333|      0.102809|
 |        3.466|      0.101742|
 |        3.599|      0.100550|
 |        3.732|      0.099244|
 |        3.866|      0.097857|
 |        3.999|      0.096402|
 |        4.132|      0.094894|
 |        4.266|      0.093342|
 |        4.399|      0.091758|
 |        4.532|      0.090149|
 |        4.666|      0.088523|
 |        4.799|      0.086888|
 |        4.932|      0.085248|
 |        5.065|      0.083611|
 |        5.199|      0.081979|
 |        5.332|      0.080358|
 |        5.465|      0.078749|
 |        5.599|      0.077156|
 |        5.732|      0.075580|
 |        5.865|      0.074024|
 |        5.999|      0.072490|
 |        6.132|      0.070981|
 |        6.265|      0.069497|
 |        6.398|      0.068037|
 |        6.532|      0.066602|
 |        6.665|      0.065193|
 |        6.798|      0.063811|
 |        6.932|      0.062455|
 |        7.065|      0.061126|
 |        7.198|      0.059824|
 |        7.332|      0.058552|
 |        7.465|      0.057306|
 |        7.598|      0.056087|
 |        7.731|      0.054894|
 |        7.865|      0.053727|
 |        7.998|      0.052585|
 |        8.131|      0.051469|
 |        8.265|      0.050377|
 |        8.398|      0.049311|
 |        8.531|      0.048271|
 |        8.665|      0.047255|
 |        8.798|      0.046262|
 |        8.931|      0.045292|
 |        9.064|      0.044344|
 |        9.198|      0.043418|
 |        9.331|      0.042513|
 |        9.464|      0.041629|
 |        9.598|      0.040766|
 |        9.731|      0.039925|
 |        9.864|      0.039104|
 |        9.998|      0.038302|
 |       10.131|      0.037518|
 |       10.264|      0.036753|
 |       10.397|      0.036005|
 |       10.531|      0.035275|
 |       10.664|      0.034561|
 |       10.797|      0.033865|
 |       10.931|      0.033186|
 |       11.064|      0.032523|
 |       11.197|      0.031875|
 |       11.331|      0.031242|
 |       11.464|      0.030624|
 |       11.597|      0.030020|
 |       11.730|      0.029429|
 |       11.864|      0.028852|
 |       11.997|      0.028289|
 |       12.130|      0.027739|
 |       12.264|      0.027203|
 |       12.397|      0.026678|
 |       12.530|      0.026165|
 |       12.664|      0.025663|
 |       12.797|      0.025173|
 |       12.930|      0.024694|
 |       13.063|      0.024225|
 |       13.197|      0.023767|
 |       13.330|      0.023321|
 |       13.463|      0.022884|
 |       13.597|      0.022457|
 |       13.730|      0.022039|
 |       13.863|      0.021631|
 |       13.997|      0.021231|
 |       14.130|      0.020840|
 |       14.263|      0.020457|
 |       14.396|      0.020083|
 |       14.530|      0.019718|
 |       14.663|      0.019361|
 |       14.796|      0.019011|
 |       14.930|      0.018669|
 |       15.063|      0.018334|
 |       15.196|      0.018007|
 |       15.330|      0.017686|
 |       15.463|      0.017372|
 |       15.596|      0.017064|
 |       15.729|      0.016764|
 |       15.863|      0.016470|
 |       15.996|      0.016182|
 |       16.129|      0.015901|
 |       16.263|      0.015624|
 |       16.396|      0.015354|
 |       16.529|      0.015089|
 |       16.663|      0.014830|
 |       16.796|      0.014576|
 |       16.929|      0.014328|
 |       17.062|      0.014084|
 |       17.196|      0.013846|
 |       17.329|      0.013612|
 |       17.462|      0.013383|
 |       17.596|      0.013159|
 |       17.729|      0.012939|
 |       17.862|      0.012724|
 |       17.996|      0.012513|
 |       18.129|      0.012306|
 |       18.262|      0.012104|
 |       18.395|      0.011905|
 |       18.529|      0.011710|
 |       18.662|      0.011520|
 |       18.795|      0.011332|
 |       18.929|      0.011149|
 |       19.062|      0.010969|
 |       19.195|      0.010792|
 |       19.329|      0.010620|
 |       19.462|      0.010450|
 |       19.595|      0.010284|
 |       19.728|      0.010121|
 |       19.862|      0.009961|
 |       19.995|      0.009804|
 |       20.128|      0.009650|
 |       20.262|      0.009498|
 |       20.395|      0.009350|
 |       20.528|      0.009205|
 |       20.662|      0.009062|
 |       20.795|      0.008922|
 |       20.928|      0.008785|
 |       21.061|      0.008650|
 |       21.195|      0.008517|
 |       21.328|      0.008387|
 |       21.461|      0.008260|
 |       21.595|      0.008135|
 |       21.728|      0.008012|
 |       21.861|      0.007891|
 |       21.995|      0.007773|
 |       22.128|      0.007656|
 |       22.261|      0.007542|
 |       22.394|      0.007430|
 |       22.528|      0.007320|
 |       22.661|      0.007211|
 |       22.794|      0.007105|
 |       22.928|      0.007001|
 |       23.061|      0.006898|
 |       23.194|      0.006798|
 |       23.328|      0.006699|
 |       23.461|      0.006601|
 |       23.594|      0.006506|
 |       23.727|      0.006412|
 |       23.861|      0.006320|
 |       23.994|      0.006229|
 |       24.127|      0.006140|
 |       24.261|      0.006053|
 |       24.394|      0.005967|
 |       24.527|      0.005882|
 |       24.661|      0.005799|
 |       24.794|      0.005717|
 |       24.927|      0.005637|
 |       25.060|      0.005558|
 |       25.194|      0.005480|
 |       25.327|      0.005404|
 |       25.460|      0.005329|
 |       25.594|      0.005255|
 |       25.727|      0.005183|
 |       25.860|      0.005111|
 |       25.994|      0.005041|
 |       26.127|      0.004972|
 |       26.260|      0.004904|
 |       26.393|      0.004837|
 |       26.527|      0.004772|
 |       26.660|      0.004707|
 |       26.793|      0.004644|
 |       26.927|      0.004581|
 |       27.060|      0.004520|
 |       27.193|      0.004459|
 |       27.327|      0.004400|
 |       27.460|      0.004341|
 |       27.593|      0.004284|
 |       27.726|      0.004227|
 |       27.860|      0.004171|
 |       27.993|      0.004116|
 |       28.126|      0.004062|
 |       28.260|      0.004009|
 |       28.393|      0.003957|
 |       28.526|      0.003905|
 |       28.660|      0.003854|
 |       28.793|      0.003804|
 |       28.926|      0.003755|
 |       29.059|      0.003707|
 |       29.193|      0.003659|
 |       29.326|      0.003612|
 |       29.459|      0.003566|
 |       29.593|      0.003521|
 |       29.726|      0.003476|
 |       29.859|      0.003432|
 |       29.993|      0.003388|
 |       30.126|      0.003345|
 |       30.259|      0.003303|
 |       30.392|      0.003262|
 |       30.526|      0.003221|
 |       30.659|      0.003181|
 |       30.792|      0.003141|
 |       30.926|      0.003102|
 |       31.059|      0.003064|
 |       31.192|      0.003026|
 |       31.326|      0.002988|
 |       31.459|      0.002952|
 |       31.592|      0.002915|
 |       31.725|      0.002880|
 |       31.859|      0.002845|
 |       31.992|      0.002810|
 |       32.125|      0.002776|
 |       32.259|      0.002742|
 |       32.392|      0.002709|
 |       32.525|      0.002676|
 |       32.659|      0.002644|
 |       32.792|      0.002612|
 |       32.925|      0.002581|
 |       33.058|      0.002550|
 |       33.192|      0.002520|
 |       33.325|      0.002490|
 |       33.458|      0.002460|
 |       33.592|      0.002431|
 |       33.725|      0.002402|
 |       33.858|      0.002374|
 |       33.992|      0.002346|
 |       34.125|      0.002319|
 |       34.258|      0.002292|
 |       34.391|      0.002265|
 |       34.525|      0.002238|
 |       34.658|      0.002212|
 |       34.791|      0.002187|
 |       34.925|      0.002162|
 |       35.058|      0.002137|
 |       35.191|      0.002112|
 |       35.325|      0.002088|
 |       35.458|      0.002064|
 |       35.591|      0.002040|
 |       35.724|      0.002017|
 |       35.858|      0.001994|
 |       35.991|      0.001971|
 |       36.124|      0.001949|
 |       36.258|      0.001927|
 |       36.391|      0.001905|
 |       36.524|      0.001884|
 |       36.658|      0.001863|
 |       36.791|      0.001842|
 |       36.924|      0.001821|
 |       37.057|      0.001801|
 |       37.191|      0.001781|
 |       37.324|      0.001761|
 |       37.457|      0.001742|
 |       37.591|      0.001722|
 |       37.724|      0.001703|
 |       37.857|      0.001685|
 |       37.991|      0.001666|
 |       38.124|      0.001648|
 |       38.257|      0.001630|
 |       38.390|      0.001612|
 |       38.524|      0.001595|
 |       38.657|      0.001577|
 |       38.790|      0.001560|
 |       38.924|      0.001543|
 |       39.057|      0.001527|
 |       39.190|      0.001510|
 |       39.324|      0.001494|
 |       39.457|      0.001478|
 |       39.590|      0.001462|
 |       39.723|      0.001447|
 |       39.857|      0.001431|
 |       39.990|      0.001416|
 |       40.123|      0.001401|
 |       40.257|      0.001386|
 |       40.390|      0.001371|
 |       40.523|      0.001357|
 |       40.657|      0.001343|
 |       40.790|      0.001329|
 |       40.923|      0.001315|
 |       41.056|      0.001301|
 |       41.190|      0.001287|
 |       41.323|      0.001274|
 |       41.456|      0.001261|
 |       41.590|      0.001248|
 |       41.723|      0.001235|
 |       41.856|      0.001222|
 |       41.990|      0.001209|
 |       42.123|      0.001197|
 |       42.256|      0.001185|
 |       42.389|      0.001172|
 |       42.523|      0.001160|
 |       42.656|      0.001149|
 |       42.789|      0.001137|
 |       42.923|      0.001125|
 |       43.056|      0.001114|
 |       43.189|      0.001103|
 |       43.323|      0.001091|
 |       43.456|      0.001080|
 |       43.589|      0.001070|
 |       43.722|      0.001059|
 |       43.856|      0.001048|
 |       43.989|      0.001038|
 |       44.122|      0.001027|
 |       44.256|      0.001017|
 |       44.389|      0.001007|
 |       44.522|      0.000997|
 |       44.656|      0.000987|
 |       44.789|      0.000977|
 |       44.922|      0.000968|
 |       45.055|      0.000958|
 |       45.189|      0.000949|
 |       45.322|      0.000939|
 |       45.455|      0.000930|
 |       45.589|      0.000921|
 |       45.722|      0.000912|
 |       45.855|      0.000903|
 |       45.989|      0.000894|
 |       46.122|      0.000886|
 |       46.255|      0.000877|
 |       46.388|      0.000869|
 |       46.522|      0.000860|
 |       46.655|      0.000852|
 |       46.788|      0.000844|
 |       46.922|      0.000836|
 |       47.055|      0.000828|
 |       47.188|      0.000820|
 |       47.322|      0.000812|
 |       47.455|      0.000804|
 |       47.588|      0.000796|
 |       47.721|      0.000789|
 |       47.855|      0.000781|
 |       47.988|      0.000774|
 |       48.121|      0.000767|
 |       48.255|      0.000759|
 |       48.388|      0.000752|
 |       48.521|      0.000745|
 |       48.655|      0.000738|
 |       48.788|      0.000731|
 |       48.921|      0.000724|
 |       49.054|      0.000718|
 |       49.188|      0.000711|
 |       49.321|      0.000704|
 |       49.454|      0.000698|
 |       49.588|      0.000691|
 |       49.721|      0.000685|
 |       49.854|      0.000679|
 |       49.988|      0.000672|
 |       50.121|      0.000666|
 |       50.254|      0.000660|
 |       50.387|      0.000654|
 |       50.521|      0.000648|
 |       50.654|      0.000642|
 |       50.787|      0.000636|
 |       50.921|      0.000630|
 |       51.054|      0.000625|
 |       51.187|      0.000619|
 |       51.321|      0.000613|
 |       51.454|      0.000608|
 |       51.587|      0.000602|
 |       51.720|      0.000597|
 |       51.854|      0.000592|
 |       51.987|      0.000586|
 |       52.120|      0.000581|
 |       52.254|      0.000576|
 |       52.387|      0.000571|
 |       52.520|      0.000566|
 |       52.654|      0.000561|
 |       52.787|      0.000556|
 |       52.920|      0.000551|
 |       53.053|      0.000546|
 |       53.187|      0.000541|
 |       53.320|      0.000536|
 |       53.453|      0.000531|
 |       53.587|      0.000527|
 |       53.720|      0.000522|
 |       53.853|      0.000518|
 |       53.987|      0.000513|
 |       54.120|      0.000508|
 |       54.253|      0.000504|
 |       54.386|      0.000500|
 |       54.520|      0.000495|
 |       54.653|      0.000491|
 |       54.786|      0.000487|
 |       54.920|      0.000483|
 |       55.053|      0.000478|
 |       55.186|      0.000474|
 |       55.320|      0.000470|
 |       55.453|      0.000466|
 |       55.586|      0.000462|
 |       55.719|      0.000458|
 |       55.853|      0.000454|
 |       55.986|      0.000450|
 |       56.119|      0.000446|
 |       56.253|      0.000443|
 |       56.386|      0.000439|
 |       56.519|      0.000435|
 |       56.653|      0.000431|
 |       56.786|      0.000428|
 |       56.919|      0.000424|
 |       57.052|      0.000421|
 |       57.186|      0.000417|
 |       57.319|      0.000414|
 |       57.452|      0.000410|
 |       57.586|      0.000407|
 |       57.719|      0.000403|
 |       57.852|      0.000400|
 |       57.986|      0.000396|
 |       58.119|      0.000393|
 |       58.252|      0.000390|
 |       58.385|      0.000387|
 |       58.519|      0.000383|
 |       58.652|      0.000380|
 |       58.785|      0.000377|
 |       58.919|      0.000374|
 |       59.052|      0.000371|
 |       59.185|      0.000368|
 |       59.319|      0.000365|
 |       59.452|      0.000362|
 |       59.585|      0.000359|
 |       59.718|      0.000356|
 |       59.852|      0.000353|
 |       59.985|      0.000350|
 |       60.118|      0.000347|
 |       60.252|      0.000344|
 |       60.385|      0.000342|
 |       60.518|      0.000339|
 |       60.652|      0.000336|
 |       60.785|      0.000333|
 |       60.918|      0.000331|
 |       61.051|      0.000328|
 |       61.185|      0.000325|
 |       61.318|      0.000323|
 |       61.451|      0.000320|
 |       61.585|      0.000318|
 |       61.718|      0.000315|
 |       61.851|      0.000313|
 |       61.985|      0.000310|
 |       62.118|      0.000308|
 |       62.251|      0.000305|
 |       62.384|      0.000303|
 |       62.518|      0.000300|
 |       62.651|      0.000298|
 |       62.784|      0.000296|
 |       62.918|      0.000293|
 |       63.051|      0.000291|
 |       63.184|      0.000289|
 |       63.318|      0.000286|
 |       63.451|      0.000284|
 |       63.584|      0.000282|
 |       63.717|      0.000280|
 |       63.851|      0.000277|
 |       63.984|      0.000275|
 |       64.117|      0.000273|
 |       64.251|      0.000271|
 |       64.384|      0.000269|
 |       64.517|      0.000267|
 |       64.651|      0.000265|
 |       64.784|      0.000263|
 |       64.917|      0.000261|
 |       65.050|      0.000259|
 |       65.184|      0.000257|
 |       65.317|      0.000255|
 |       65.450|      0.000253|
 |       65.584|      0.000251|
 |       65.717|      0.000249|
 |       65.850|      0.000247|
 |       65.984|      0.000245|
 |       66.117|      0.000243|
 |       66.250|      0.000241|
 |       66.383|      0.000239|
 |       66.517|      0.000238|
 |       66.650|      0.000236|
 |       66.783|      0.000234|
 |       66.917|      0.000232|
 |       67.050|      0.000231|
 |       67.183|      0.000229|
 |       67.317|      0.000227|
 |       67.450|      0.000225|
 |       67.583|      0.000224|
 |       67.716|      0.000222|
 |       67.850|      0.000220|
 |       67.983|      0.000219|
 |       68.116|      0.000217|
 |       68.250|      0.000215|
 |       68.383|      0.000214|
 |       68.516|      0.000212|
 |       68.650|      0.000211|
 |       68.783|      0.000209|
 |       68.916|      0.000207|
 |       69.049|      0.000206|
 |       69.183|      0.000204|
 |       69.316|      0.000203|
 |       69.449|      0.000201|
 |       69.583|      0.000200|
 |       69.716|      0.000198|
 |       69.849|      0.000197|
 |       69.983|      0.000196|
 |       70.116|      0.000194|
 |       70.249|      0.000193|
 |       70.382|      0.000191|
 |       70.516|      0.000190|
 |       70.649|      0.000188|
 |       70.782|      0.000187|
 |       70.916|      0.000186|
 |       71.049|      0.000184|
 |       71.182|      0.000183|
 |       71.316|      0.000182|
 |       71.449|      0.000180|
 |       71.582|      0.000179|
 |       71.715|      0.000178|
 |       71.849|      0.000177|
 |       71.982|      0.000175|
 |       72.115|      0.000174|
 |       72.249|      0.000173|
 |       72.382|      0.000172|
 |       72.515|      0.000170|
 |       72.649|      0.000169|
 |       72.782|      0.000168|
 |       72.915|      0.000167|
 |       73.048|      0.000165|
 |       73.182|      0.000164|
 |       73.315|      0.000163|
 |       73.448|      0.000162|
 |       73.582|      0.000161|
 |       73.715|      0.000160|
 |       73.848|      0.000159|
 |       73.982|      0.000157|
 |       74.115|      0.000156|
 |       74.248|      0.000155|
 |       74.381|      0.000154|
 |       74.515|      0.000153|
 |       74.648|      0.000152|
 |       74.781|      0.000151|
 |       74.915|      0.000150|
 |       75.048|      0.000149|
 |       75.181|      0.000148|
 |       75.315|      0.000147|
 |       75.448|      0.000146|
 |       75.581|      0.000145|
 |       75.714|      0.000144|
 |       75.848|      0.000143|
 |       75.981|      0.000142|
 |       76.114|      0.000141|
 |       76.248|      0.000140|
 |       76.381|      0.000139|
 |       76.514|      0.000138|
 |       76.648|      0.000137|
 |       76.781|      0.000136|
 |       76.914|      0.000135|
 |       77.047|      0.000134|
 |       77.181|      0.000133|
 |       77.314|      0.000132|
 |       77.447|      0.000131|
 |       77.581|      0.000130|
 |       77.714|      0.000129|
 |       77.847|      0.000129|
 |       77.981|      0.000128|
 |       78.114|      0.000127|
 |       78.247|      0.000126|
 |       78.380|      0.000125|
 |       78.514|      0.000124|
 |       78.647|      0.000123|
 |       78.780|      0.000123|
 |       78.914|      0.000122|
 |       79.047|      0.000121|
 |       79.180|      0.000120|
 |       79.314|      0.000119|
 |       79.447|      0.000119|
 |       79.580|      0.000118|
 |       79.713|      0.000117|
 |       79.847|      0.000116|
 |       79.980|      0.000115|
 |       80.113|      0.000115|
 |       80.247|      0.000114|
 |       80.380|      0.000113|
 |       80.513|      0.000112|
 |       80.647|      0.000112|
 |       80.780|      0.000111|
 |       80.913|      0.000110|
 |       81.046|      0.000109|
 |       81.180|      0.000109|
 |       81.313|      0.000108|
 |       81.446|      0.000107|
 |       81.580|      0.000107|
 |       81.713|      0.000106|
 |       81.846|      0.000105|
 |       81.980|      0.000104|
 |       82.113|      0.000104|
 |       82.246|      0.000103|
 |       82.379|      0.000102|
 |       82.513|      0.000102|
 |       82.646|      0.000101|
 |       82.779|      0.000100|
 |       82.913|      0.000100|
 |       83.046|      0.000099|
 |       83.179|      0.000098|
 |       83.313|      0.000098|
 |       83.446|      0.000097|
 |       83.579|      0.000097|
 |       83.712|      0.000096|
 |       83.846|      0.000095|
 |       83.979|      0.000095|
 |       84.112|      0.000094|
 |       84.246|      0.000093|
 |       84.379|      0.000093|
 |       84.512|      0.000092|
 |       84.646|      0.000092|
 |       84.779|      0.000091|
 |       84.912|      0.000090|
 |       85.045|      0.000090|
 |       85.179|      0.000089|
 |       85.312|      0.000089|
 |       85.445|      0.000088|
 |       85.579|      0.000088|
 |       85.712|      0.000087|
 |       85.845|      0.000086|
 |       85.979|      0.000086|
 |       86.112|      0.000085|
 |       86.245|      0.000085|
 |       86.378|      0.000084|
 |       86.512|      0.000084|
 |       86.645|      0.000083|
 |       86.778|      0.000083|
 |       86.912|      0.000082|
 |       87.045|      0.000082|
 |       87.178|      0.000081|
 |       87.312|      0.000081|
 |       87.445|      0.000080|
 |       87.578|      0.000080|
 |       87.711|      0.000079|
 |       87.845|      0.000079|
 |       87.978|      0.000078|
 |       88.111|      0.000078|
 |       88.245|      0.000077|
 |       88.378|      0.000077|
 |       88.511|      0.000076|
 |       88.645|      0.000076|
 |       88.778|      0.000075|
 |       88.911|      0.000075|
 |       89.044|      0.000074|
 |       89.178|      0.000074|
 |       89.311|      0.000073|
 |       89.444|      0.000073|
 |       89.578|      0.000073|
 |       89.711|      0.000072|
 |       89.844|      0.000072|
 |       89.978|      0.000071|
 |       90.111|      0.000071|
 |       90.244|      0.000070|
 |       90.377|      0.000070|
 |       90.511|      0.000069|
 |       90.644|      0.000069|
 |       90.777|      0.000069|
 |       90.911|      0.000068|
 |       91.044|      0.000068|
 |       91.177|      0.000067|
 |       91.311|      0.000067|
 |       91.444|      0.000067|
 |       91.577|      0.000066|
 |       91.710|      0.000066|
 |       91.844|      0.000065|
 |       91.977|      0.000065|
 |       92.110|      0.000065|
 |       92.244|      0.000064|
 |       92.377|      0.000064|
 |       92.510|      0.000063|
 |       92.644|      0.000063|
 |       92.777|      0.000063|
 |       92.910|      0.000062|
 |       93.043|      0.000062|
 |       93.177|      0.000061|
 |       93.310|      0.000061|
 |       93.443|      0.000061|
 |       93.577|      0.000060|
 |       93.710|      0.000060|
 |       93.843|      0.000060|
 |       93.977|      0.000059|
 |       94.110|      0.000059|
 |       94.243|      0.000059|
 |       94.376|      0.000058|
 |       94.510|      0.000058|
 |       94.643|      0.000058|
 |       94.776|      0.000057|
 |       94.910|      0.000057|
 |       95.043|      0.000057|
 |       95.176|      0.000056|
 |       95.310|      0.000056|
 |       95.443|      0.000056|
 |       95.576|      0.000055|
 |       95.709|      0.000055|
 |       95.843|      0.000055|
 |       95.976|      0.000054|
 |       96.109|      0.000054|
 |       96.243|      0.000054|
 |       96.376|      0.000053|
 |       96.509|      0.000053|
 |       96.643|      0.000053|
 |       96.776|      0.000052|
 |       96.909|      0.000052|
 |       97.042|      0.000052|
 |       97.176|      0.000051|
 |       97.309|      0.000051|
 |       97.442|      0.000051|
 |       97.576|      0.000051|
 |       97.709|      0.000050|
 |       97.842|      0.000050|
 |       97.976|      0.000050|
 |       98.109|      0.000049|
 |       98.242|      0.000049|
 |       98.375|      0.000049|
 |       98.509|      0.000049|
 |       98.642|      0.000048|
 |       98.775|      0.000048|
 |       98.909|      0.000048|
 |       99.042|      0.000047|
 |       99.175|      0.000047|
 |       99.309|      0.000047|
 |       99.442|      0.000047|
 |       99.575|      0.000046|
 |       99.708|      0.000046|
 |       99.842|      0.000046|
 |       99.975|      0.000046|
 |      100.108|      0.000045|
 |      100.242|      0.000045|
 |      100.375|      0.000045|
 |      100.508|      0.000045|
 |      100.642|      0.000044|
 |      100.775|      0.000044|
 |      100.908|      0.000044|
 |      101.041|      0.000044|
 |      101.175|      0.000043|
 |      101.308|      0.000043|
 |      101.441|      0.000043|
 |      101.575|      0.000043|
 |      101.708|      0.000042|
 |      101.841|      0.000042|
 |      101.975|      0.000042|
 |      102.108|      0.000042|
 |      102.241|      0.000041|
 |      102.374|      0.000041|
 |      102.508|      0.000041|
 |      102.641|      0.000041|
 |      102.774|      0.000040|
 |      102.908|      0.000040|
 |      103.041|      0.000040|
 |      103.174|      0.000040|
 |      103.308|      0.000040|
 |      103.441|      0.000039|
 |      103.574|      0.000039|
 |      103.707|      0.000039|
 |      103.841|      0.000039|
 |      103.974|      0.000038|
 |      104.107|      0.000038|
 |      104.241|      0.000038|
 |      104.374|      0.000038|
 |      104.507|      0.000038|
 |      104.641|      0.000037|
 |      104.774|      0.000037|
 |      104.907|      0.000037|
 |      105.040|      0.000037|
 |      105.174|      0.000037|
 |      105.307|      0.000036|
 |      105.440|      0.000036|
 |      105.574|      0.000036|
 |      105.707|      0.000036|
 |      105.840|      0.000036|
 |      105.974|      0.000035|
 |      106.107|      0.000035|
 |      106.240|      0.000035|
 |      106.373|      0.000035|
 |      106.507|      0.000035|
 |      106.640|      0.000034|
 |      106.773|      0.000034|
 |      106.907|      0.000034|
 |      107.040|      0.000034|
 |      107.173|      0.000034|
 |      107.307|      0.000034|
 |      107.440|      0.000033|
 |      107.573|      0.000033|
 |      107.707|      0.000033|
 |      107.840|      0.000033|
 |      107.973|      0.000033|
 |      108.106|      0.000032|
 |      108.240|      0.000032|
 |      108.373|      0.000032|
 |      108.506|      0.000032|
 |      108.640|      0.000032|
 |      108.773|      0.000032|
 |      108.906|      0.000031|
 |      109.040|      0.000031|
 |      109.173|      0.000031|
 |      109.306|      0.000031|
 |      109.439|      0.000031|
 |      109.573|      0.000031|
 |      109.706|      0.000030|
 |      109.839|      0.000030|
 |      109.973|      0.000030|
 |      110.106|      0.000030|
 |      110.239|      0.000030|
 |      110.373|      0.000030|
 |      110.506|      0.000029|
 |      110.639|      0.000029|
 |      110.772|      0.000029|
 |      110.906|      0.000029|
 |      111.039|      0.000029|
 |      111.172|      0.000029|
 |      111.306|      0.000029|
 |      111.439|      0.000028|
 |      111.572|      0.000028|
 |      111.706|      0.000028|
 |      111.839|      0.000028|
 |      111.972|      0.000028|
 |      112.105|      0.000028|
 |      112.239|      0.000028|
 |      112.372|      0.000027|
 |      112.505|      0.000027|
 |      112.639|      0.000027|
 |      112.772|      0.000027|
 |      112.905|      0.000027|
 |      113.039|      0.000027|
 |      113.172|      0.000027|
 |      113.305|      0.000026|
 |      113.438|      0.000026|
 |      113.572|      0.000026|
 |      113.705|      0.000026|
 |      113.838|      0.000026|
 |      113.972|      0.000026|
 |      114.105|      0.000026|
 |      114.238|      0.000025|
 |      114.372|      0.000025|
 |      114.505|      0.000025|
 |      114.638|      0.000025|
 |      114.771|      0.000025|
 |      114.905|      0.000025|
 |      115.038|      0.000025|
 |      115.171|      0.000025|
 |      115.305|      0.000024|
 |      115.438|      0.000024|
 |      115.571|      0.000024|
 |      115.705|      0.000024|
 |      115.838|      0.000024|
 |      115.971|      0.000024|
 |      116.104|      0.000024|
 |      116.238|      0.000024|
 |      116.371|      0.000023|
 |      116.504|      0.000023|
 |      116.638|      0.000023|
 |      116.771|      0.000023|
 |      116.904|      0.000023|
 |      117.038|      0.000023|
 |      117.171|      0.000023|
 |      117.304|      0.000023|
 |      117.437|      0.000022|
 |      117.571|      0.000022|
 |      117.704|      0.000022|
 |      117.837|      0.000022|
 |      117.971|      0.000022|
 |      118.104|      0.000022|
 |      118.237|      0.000022|
 |      118.371|      0.000022|
 |      118.504|      0.000022|
 |      118.637|      0.000021|
 |      118.770|      0.000021|
 |      118.904|      0.000021|
 |      119.037|      0.000021|
 |      119.170|      0.000021|
 |      119.304|      0.000021|
 |      119.437|      0.000021|
 |      119.570|      0.000021|
 |      119.704|      0.000021|
 |      119.837|      0.000021|
 |      119.970|      0.000020|
 |      120.103|      0.000020|
 |      120.237|      0.000020|
 |      120.370|      0.000020|
 |      120.503|      0.000020|
 |      120.637|      0.000020|
 |      120.770|      0.000020|
 |      120.903|      0.000020|
 |      121.037|      0.000020|
 |      121.170|      0.000020|
 |      121.303|      0.000019|
 |      121.436|      0.000019|
 |      121.570|      0.000019|
 |      121.703|      0.000019|
 |      121.836|      0.000019|
 |      121.970|      0.000019|
 |      122.103|      0.000019|
 |      122.236|      0.000019|
 |      122.370|      0.000019|
 |      122.503|      0.000019|
 |      122.636|      0.000018|
 |      122.769|      0.000018|
 |      122.903|      0.000018|
 |      123.036|      0.000018|
 |      123.169|      0.000018|
 |      123.303|      0.000018|
 |      123.436|      0.000018|
 |      123.569|      0.000018|
 |      123.703|      0.000018|
 |      123.836|      0.000018|
 |      123.969|      0.000018|
 |      124.102|      0.000018|
 |      124.236|      0.000017|
 |      124.369|      0.000017|
 |      124.502|      0.000017|
 |      124.636|      0.000017|
 |      124.769|      0.000017|
 |      124.902|      0.000017|
 |      125.036|      0.000017|
 |      125.169|      0.000017|
 |      125.302|      0.000017|
 |      125.435|      0.000017|
 |      125.569|      0.000017|
 |      125.702|      0.000017|
 |      125.835|      0.000016|
 |      125.969|      0.000016|
 |      126.102|      0.000016|
 |      126.235|      0.000016|
 |      126.369|      0.000016|
 |      126.502|      0.000016|
 |      126.635|      0.000016|
 |      126.768|      0.000016|
 |      126.902|      0.000016|
 |      127.035|      0.000016|
 |      127.168|      0.000016|
 |      127.302|      0.000016|
 |      127.435|      0.000016|
 |      127.568|      0.000015|
 |      127.702|      0.000015|
 |      127.835|      0.000015|
 |      127.968|      0.000015|
 |      128.101|      0.000015|
 |      128.235|      0.000015|
 |      128.368|      0.000015|
 |      128.501|      0.000015|
 |      128.635|      0.000015|
 |      128.768|      0.000015|
 |      128.901|      0.000015|
 |      129.035|      0.000015|
 |      129.168|      0.000015|
 |      129.301|      0.000015|
 |      129.434|      0.000014|
 |      129.568|      0.000014|
 |      129.701|      0.000014|
 |      129.834|      0.000014|
 |      129.968|      0.000014|
 |      130.101|      0.000014|
 |      130.234|      0.000014|
 |      130.368|      0.000014|
 |      130.501|      0.000014|
 |      130.634|      0.000014|
 |      130.767|      0.000014|
 |      130.901|      0.000014|
 |      131.034|      0.000014|
 |      131.167|      0.000014|
 |      131.301|      0.000014|
 |      131.434|      0.000013|
 |      131.567|      0.000013|
 |      131.701|      0.000013|
 |      131.834|      0.000013|
 |      131.967|      0.000013|
 |      132.100|      0.000013|
 |      132.234|      0.000013|
 |      132.367|      0.000013|
 |      132.500|      0.000013|
 |      132.634|      0.000013|
 |      132.767|      0.000013|
 |      132.900|      0.000013|
 |      133.034|      0.000013|
 |      133.167|      0.000013|
 |      133.300|      0.000013|
 |      133.433|      0.000013|
 |      133.567|      0.000012|
 |      133.700|      0.000012|
 |      133.833|      0.000012|
 |      133.967|      0.000012|
 |      134.100|      0.000012|
 |      134.233|      0.000012|
 |      134.367|      0.000012|
 |      134.500|      0.000012|
 |      134.633|      0.000012|
 |      134.766|      0.000012|
 |      134.900|      0.000012|
 |      135.033|      0.000012|
 |      135.166|      0.000012|
 |      135.300|      0.000012|
 |      135.433|      0.000012|
 |      135.566|      0.000012|
 |      135.700|      0.000012|
 |      135.833|      0.000012|
 |      135.966|      0.000011|
 |      136.099|      0.000011|
 |      136.233|      0.000011|
 |      136.366|      0.000011|
 |      136.499|      0.000011|
 |      136.633|      0.000011|
 |      136.766|      0.000011|
 |      136.899|      0.000011|
 |      137.033|      0.000011|
 |      137.166|      0.000011|
 |      137.299|      0.000011|
 |      137.432|      0.000011|
 |      137.566|      0.000011|
 |      137.699|      0.000011|
 |      137.832|      0.000011|
 |      137.966|      0.000011|
 |      138.099|      0.000011|
 |      138.232|      0.000011|
 |      138.366|      0.000011|
 |      138.499|      0.000011|
 |      138.632|      0.000011|
 |      138.765|      0.000010|
 |      138.899|      0.000010|
 |      139.032|      0.000010|
 |      139.165|      0.000010|
 |      139.299|      0.000010|
 |      139.432|      0.000010|
 |      139.565|      0.000010|
 |      139.699|      0.000010|
 |      139.832|      0.000010|
 |      139.965|      0.000010|
 |      140.098|      0.000010|
 |      140.232|      0.000010|
 |      140.365|      0.000010|
 |      140.498|      0.000010|
 |      140.632|      0.000010|
 |      140.765|      0.000010|
 |      140.898|      0.000010|
 |      141.032|      0.000010|
 |      141.165|      0.000010|
 |      141.298|      0.000010|
 |      141.431|      0.000010|
 |      141.565|      0.000010|
 |      141.698|      0.000009|
 |      141.831|      0.000009|
 |      141.965|      0.000009|
 |      142.098|      0.000009|
 |      142.231|      0.000009|
 |      142.365|      0.000009|
 |      142.498|      0.000009|
 |      142.631|      0.000009|
 |      142.764|      0.000009|
 |      142.898|      0.000009|
 |      143.031|      0.000009|
 |      143.164|      0.000009|
 |      143.298|      0.000009|
 |      143.431|      0.000009|
 |      143.564|      0.000009|
 |      143.698|      0.000009|
 |      143.831|      0.000009|
 |      143.964|      0.000009|
 |      144.097|      0.000009|
 |      144.231|      0.000009|
 |      144.364|      0.000009|
 |      144.497|      0.000009|
 |      144.631|      0.000009|
 |      144.764|      0.000009|
 |      144.897|      0.000009|
 |      145.031|      0.000008|
 |      145.164|      0.000008|
 |      145.297|      0.000008|
 |      145.430|      0.000008|
 |      145.564|      0.000008|
 |      145.697|      0.000008|
 |      145.830|      0.000008|
 |      145.964|      0.000008|
 |      146.097|      0.000008|
 |      146.230|      0.000008|
 |      146.364|      0.000008|
 |      146.497|      0.000008|
 |      146.630|      0.000008|
 |      146.763|      0.000008|
 |      146.897|      0.000008|
 |      147.030|      0.000008|
 |      147.163|      0.000008|
 |      147.297|      0.000008|
 |      147.430|      0.000008|
 |      147.563|      0.000008|
 |      147.697|      0.000008|
 |      147.830|      0.000008|
 |      147.963|      0.000008|
 |      148.096|      0.000008|
 |      148.230|      0.000008|
 |      148.363|      0.000008|
 |      148.496|      0.000008|
 |      148.630|      0.000008|
 |      148.763|      0.000008|
 |      148.896|      0.000007|
 |      149.030|      0.000007|
 |      149.163|      0.000007|
 |      149.296|      0.000007|
 |      149.429|      0.000007|
 |      149.563|      0.000007|
 |      149.696|      0.000007|
 |      149.829|      0.000007|
 |      149.963|      0.000007|
 |      150.096|      0.000007|
 |      150.229|      0.000007|
 |      150.363|      0.000007|
 |      150.496|      0.000007|
 |      150.629|      0.000007|
 |      150.762|      0.000007|
 |      150.896|      0.000007|
 |      151.029|      0.000007|
 |      151.162|      0.000007|
 |      151.296|      0.000007|
 |      151.429|      0.000007|
 |      151.562|      0.000007|
 |      151.696|      0.000007|
 |      151.829|      0.000007|
 |      151.962|      0.000007|
 |      152.095|      0.000007|
 |      152.229|      0.000007|
 |      152.362|      0.000007|
 |      152.495|      0.000007|
 |      152.629|      0.000007|
 |      152.762|      0.000007|
 |      152.895|      0.000007|
 |      153.029|      0.000007|
 |      153.162|      0.000007|
 |      153.295|      0.000007|
 |      153.428|      0.000006|
 |      153.562|      0.000006|
 |      153.695|      0.000006|
 |      153.828|      0.000006|
 |      153.962|      0.000006|
 |      154.095|      0.000006|
 |      154.228|      0.000006|
 |      154.362|      0.000006|
 |      154.495|      0.000006|
 |      154.628|      0.000006|
 |      154.761|      0.000006|
 |      154.895|      0.000006|
 |      155.028|      0.000006|
 |      155.161|      0.000006|
 |      155.295|      0.000006|
 |      155.428|      0.000006|
 |      155.561|      0.000006|
 |      155.695|      0.000006|
 |      155.828|      0.000006|
 |      155.961|      0.000006|
 |      156.094|      0.000006|
 |      156.228|      0.000006|
 |      156.361|      0.000006|
 |      156.494|      0.000006|
 |      156.628|      0.000006|
 |      156.761|      0.000006|
 |      156.894|      0.000006|
 |      157.028|      0.000006|
 |      157.161|      0.000006|
 |      157.294|      0.000006|
 |      157.427|      0.000006|
 |      157.561|      0.000006|
 |      157.694|      0.000006|
 |      157.827|      0.000006|
 |      157.961|      0.000006|
 |      158.094|      0.000006|
 |      158.227|      0.000006|
 |      158.361|      0.000006|
 |      158.494|      0.000006|
 |      158.627|      0.000006|
 |      158.760|      0.000006|
 |      158.894|      0.000005|
 |      159.027|      0.000005|
 |      159.160|      0.000005|
 |      159.294|      0.000005|
 |      159.427|      0.000005|
 |      159.560|      0.000005|
 |      159.694|      0.000005|
 |      159.827|      0.000005|
 |      159.960|      0.000005|
 |      160.093|      0.000005|
 |      160.227|      0.000005|
 |      160.360|      0.000005|
 |      160.493|      0.000005|
 |      160.627|      0.000005|
 |      160.760|      0.000005|
 |      160.893|      0.000005|
 |      161.027|      0.000005|
 |      161.160|      0.000005|
 |      161.293|      0.000005|
 |      161.426|      0.000005|
 |      161.560|      0.000005|
 |      161.693|      0.000005|
 |      161.826|      0.000005|
 |      161.960|      0.000005|
 |      162.093|      0.000005|
 |      162.226|      0.000005|
 |      162.360|      0.000005|
 |      162.493|      0.000005|
 |      162.626|      0.000005|
 |      162.759|      0.000005|
 |      162.893|      0.000005|
 |      163.026|      0.000005|
 |      163.159|      0.000005|
 |      163.293|      0.000005|
 |      163.426|      0.000005|
 |      163.559|      0.000005|
 |      163.693|      0.000005|
 |      163.826|      0.000005|
 |      163.959|      0.000005|
 |      164.092|      0.000005|
 |      164.226|      0.000005|
 |      164.359|      0.000005|
 |      164.492|      0.000005|
 |      164.626|      0.000005|
 |      164.759|      0.000005|
 |      164.892|      0.000005|
 |      165.026|      0.000005|
 |      165.159|      0.000005|
 |      165.292|      0.000005|
 |      165.425|      0.000005|
 |      165.559|      0.000004|
 |      165.692|      0.000004|
 |      165.825|      0.000004|
 |      165.959|      0.000004|
 |      166.092|      0.000004|
 |      166.225|      0.000004|
 |      166.359|      0.000004|
 |      166.492|      0.000004|
 |      166.625|      0.000004|
 |      166.758|      0.000004|
 |      166.892|      0.000004|
 |      167.025|      0.000004|
 |      167.158|      0.000004|
 |      167.292|      0.000004|
 |      167.425|      0.000004|
 |      167.558|      0.000004|
 |      167.692|      0.000004|
 |      167.825|      0.000004|
 |      167.958|      0.000004|
 |      168.091|      0.000004|
 |      168.225|      0.000004|
 |      168.358|      0.000004|
 |      168.491|      0.000004|
 |      168.625|      0.000004|
 |      168.758|      0.000004|
 |      168.891|      0.000004|
 |      169.025|      0.000004|
 |      169.158|      0.000004|
 |      169.291|      0.000004|
 |      169.424|      0.000004|
 |      169.558|      0.000004|
 |      169.691|      0.000004|
 |      169.824|      0.000004|
 |      169.958|      0.000004|
 |      170.091|      0.000004|
 |      170.224|      0.000004|
 |      170.358|      0.000004|
 |      170.491|      0.000004|
 |      170.624|      0.000004|
 |      170.757|      0.000004|
 |      170.891|      0.000004|
 |      171.024|      0.000004|
 |      171.157|      0.000004|
 |      171.291|      0.000004|
 |      171.424|      0.000004|
 |      171.557|      0.000004|
 |      171.691|      0.000004|
 |      171.824|      0.000004|
 |      171.957|      0.000004|
 |      172.090|      0.000004|
 |      172.224|      0.000004|
 |      172.357|      0.000004|
 |      172.490|      0.000004|
 |      172.624|      0.000004|
 |      172.757|      0.000004|
 |      172.890|      0.000004|
 |      173.024|      0.000004|
 |      173.157|      0.000004|
 |      173.290|      0.000004|
 |      173.423|      0.000004|
 |      173.557|      0.000004|
 |      173.690|      0.000004|
 |      173.823|      0.000004|
 |      173.957|      0.000004|
 |      174.090|      0.000004|
 |      174.223|      0.000003|
 |      174.357|      0.000003|
 |      174.490|      0.000003|
 |      174.623|      0.000003|
 |      174.756|      0.000003|
 |      174.890|      0.000003|
 |      175.023|      0.000003|
 |      175.156|      0.000003|
 |      175.290|      0.000003|
 |      175.423|      0.000003|
 |      175.556|      0.000003|
 |      175.690|      0.000003|
 |      175.823|      0.000003|
 |      175.956|      0.000003|
 |      176.089|      0.000003|
 |      176.223|      0.000003|
 |      176.356|      0.000003|
 |      176.489|      0.000003|
 |      176.623|      0.000003|
 |      176.756|      0.000003|
 |      176.889|      0.000003|
 |      177.023|      0.000003|
 |      177.156|      0.000003|
 |      177.289|      0.000003|
 |      177.422|      0.000003|
 |      177.556|      0.000003|
 |      177.689|      0.000003|
 |      177.822|      0.000003|
 |      177.956|      0.000003|
 |      178.089|      0.000003|
 |      178.222|      0.000003|
 |      178.356|      0.000003|
 |      178.489|      0.000003|
 |      178.622|      0.000003|
 |      178.755|      0.000003|
 |      178.889|      0.000003|
 |      179.022|      0.000003|
 |      179.155|      0.000003|
 |      179.289|      0.000003|
 |      179.422|      0.000003|
 |      179.555|      0.000003|
 |      179.689|      0.000003|
 |      179.822|      0.000003|
 |      179.955|      0.000003|
 |      180.088|      0.000003|
 |      180.222|      0.000003|
 |      180.355|      0.000003|
 |      180.488|      0.000003|
 |      180.622|      0.000003|
 |      180.755|      0.000003|
 |      180.888|      0.000003|
 |      181.022|      0.000003|
 |      181.155|      0.000003|
 |      181.288|      0.000003|
 |      181.421|      0.000003|
 |      181.555|      0.000003|
 |      181.688|      0.000003|
 |      181.821|      0.000003|
 |      181.955|      0.000003|
 |      182.088|      0.000003|
 |      182.221|      0.000003|
 |      182.355|      0.000003|
 |      182.488|      0.000003|
 |      182.621|      0.000003|
 |      182.754|      0.000003|
 |      182.888|      0.000003|
 |      183.021|      0.000003|
 |      183.154|      0.000003|
 |      183.288|      0.000003|
 |      183.421|      0.000003|
 |      183.554|      0.000003|
 |      183.688|      0.000003|
 |      183.821|      0.000003|
 |      183.954|      0.000003|
 |      184.087|      0.000003|
 |      184.221|      0.000003|
 |      184.354|      0.000003|
 |      184.487|      0.000003|
 |      184.621|      0.000003|
 |      184.754|      0.000003|
 |      184.887|      0.000003|
 |      185.021|      0.000003|
 |      185.154|      0.000003|
 |      185.287|      0.000003|
 |      185.420|      0.000003|
 |      185.554|      0.000003|
 |      185.687|      0.000003|
 |      185.820|      0.000003|
 |      185.954|      0.000003|
 |      186.087|      0.000003|
 |      186.220|      0.000003|
 |      186.354|      0.000002|
 |      186.487|      0.000002|
 |      186.620|      0.000002|
 |      186.753|      0.000002|
 |      186.887|      0.000002|
 |      187.020|      0.000002|
 |      187.153|      0.000002|
 |      187.287|      0.000002|
 |      187.420|      0.000002|
 |      187.553|      0.000002|
 |      187.687|      0.000002|
 |      187.820|      0.000002|
 |      187.953|      0.000002|
 |      188.086|      0.000002|
 |      188.220|      0.000002|
 |      188.353|      0.000002|
 |      188.486|      0.000002|
 |      188.620|      0.000002|
 |      188.753|      0.000002|
 |      188.886|      0.000002|
 |      189.020|      0.000002|
 |      189.153|      0.000002|
 |      189.286|      0.000002|
 |      189.419|      0.000002|
 |      189.553|      0.000002|
 |      189.686|      0.000002|
 |      189.819|      0.000002|
 |      189.953|      0.000002|
 |      190.086|      0.000002|
 |      190.219|      0.000002|
 |      190.353|      0.000002|
 |      190.486|      0.000002|
 |      190.619|      0.000002|
 |      190.752|      0.000002|
 |      190.886|      0.000002|
 |      191.019|      0.000002|
 |      191.152|      0.000002|
 |      191.286|      0.000002|
 |      191.419|      0.000002|
 |      191.552|      0.000002|
 |      191.686|      0.000002|
 |      191.819|      0.000002|
 |      191.952|      0.000002|
 |      192.085|      0.000002|
 |      192.219|      0.000002|
 |      192.352|      0.000002|
 |      192.485|      0.000002|
 |      192.619|      0.000002|
 |      192.752|      0.000002|
 |      192.885|      0.000002|
 |      193.019|      0.000002|
 |      193.152|      0.000002|
 |      193.285|      0.000002|
 |      193.418|      0.000002|
 |      193.552|      0.000002|
 |      193.685|      0.000002|
 |      193.818|      0.000002|
 |      193.952|      0.000002|
 |      194.085|      0.000002|
 |      194.218|      0.000002|
 |      194.352|      0.000002|
 |      194.485|      0.000002|
 |      194.618|      0.000002|
 |      194.751|      0.000002|
 |      194.885|      0.000002|
 |      195.018|      0.000002|
 |      195.151|      0.000002|
 |      195.285|      0.000002|
 |      195.418|      0.000002|
 |      195.551|      0.000002|
 |      195.685|      0.000002|
 |      195.818|      0.000002|
 |      195.951|      0.000002|
 |      196.084|      0.000002|
 |      196.218|      0.000002|
 |      196.351|      0.000002|
 |      196.484|      0.000002|
 |      196.618|      0.000002|
 |      196.751|      0.000002|
 |      196.884|      0.000002|
 |      197.018|      0.000002|
 |      197.151|      0.000002|
 |      197.284|      0.000002|
 |      197.417|      0.000002|
 |      197.551|      0.000002|
 |      197.684|      0.000002|
 |      197.817|      0.000002|
 |      197.951|      0.000002|
 |      198.084|      0.000002|
 |      198.217|      0.000002|
 |      198.351|      0.000002|
 |      198.484|      0.000002|
 |      198.617|      0.000002|
 |      198.750|      0.000002|
 |      198.884|      0.000002|
 |      199.017|      0.000002|
 |      199.150|      0.000002|
 |      199.284|      0.000002|
 |      199.417|      0.000002|
 |      199.550|      0.000002|
 |      199.684|      0.000002|
 |      199.817|      0.000002|
 |      199.950|      0.000002|
 |----------------------------|
 ...Done.
 Optical computations...
 Random polarization state
 Indice de refraction= 1.500 -i .00000E+00
 finished Mie computations for size parameter =     6.80
 finished Mie computations for size parameter =    13.46
 finished Mie computations for size parameter =    20.13
 finished Mie computations for size parameter =    26.79
 finished Mie computations for size parameter =    33.46
 finished Mie computations for size parameter =    40.12
 finished Mie computations for size parameter =    46.79
 finished Mie computations for size parameter =    53.45
 finished Mie computations for size parameter =    60.12
 finished Mie computations for size parameter =    66.78
 finished Mie computations for size parameter =    73.45
 finished Mie computations for size parameter =    80.11
 finished Mie computations for size parameter =    86.78
 finished Mie computations for size parameter =    93.44
 finished Mie computations for size parameter =   100.11
 finished Mie computations for size parameter =   106.77
 finished Mie computations for size parameter =   113.44
 finished Mie computations for size parameter =   120.10
 finished Mie computations for size parameter =   126.77
 finished Mie computations for size parameter =   133.43
 finished Mie computations for size parameter =   140.10
 finished Mie computations for size parameter =   146.76
 finished Mie computations for size parameter =   153.43
 finished Mie computations for size parameter =   160.09
 finished Mie computations for size parameter =   166.76
 finished Mie computations for size parameter =   173.42
 finished Mie computations for size parameter =   180.09
 finished Mie computations for size parameter =   186.75
 finished Mie computations for size parameter =   193.42
 finished Mie computations for size parameter =   200.08
 ...Done.
 Closing input-output files...
 ...Done.
  
 Computation result in file: test.mie.out
 ...end of mies !
 Deleting temporary files in  /home/martin/AODSEM/Examples/imies
 Normal end of imies.
