 |--------|------------|
 | ANGLE  |  PHASE FCT |
 |--------|------------|
     0.00   137.14    
     5.00   108.30    
    10.00   50.484    
    15.00   10.677    
    20.00  0.18090    
    25.00   1.0011    
    30.00  0.80357    
    35.00  0.42473E-01
    40.00  0.12630    
    45.00  0.18322    
    50.00  0.25362E-01
    55.00  0.21289E-01
    60.00  0.64748E-01
    65.00  0.23870E-01
    70.00  0.93829E-03
    75.00  0.22423E-01
    80.00  0.22341E-01
    85.00  0.34579E-02
    90.00  0.23830E-02
    95.00  0.11805E-01
   100.00  0.10607E-01
   105.00  0.26075E-02
   110.00  0.17244E-03
   115.00  0.33609E-02
   120.00  0.55504E-02
   125.00  0.44608E-02
   130.00  0.22341E-02
   135.00  0.77919E-03
   140.00  0.28408E-03
   145.00  0.36820E-03
   150.00  0.85991E-03
   155.00  0.16261E-02
   160.00  0.23736E-02
   165.00  0.28275E-02
   170.00  0.29524E-02
   175.00  0.29117E-02
   180.00  0.28768E-02
 |--------|------------|
0.550000     micron = Wavelength
0.597484     = Extinction efficiency (Q)
0.309616     = Scattering efficiency (Qs)
0.287868     = Absorption efficiency (Qa)
0.149077E-02 = Lidar ratio
 3.49420     micron^2 = <b> = Average surface area per particle
 2.08773     microns^2 = Extinction cross section (C)
 1.08186     microns^2 = Scattering cross section (Cs)
 1.00587     microns^2 = Absorption cross section (Ca)
 |----------------------------------------------------|
 | COMMENTAIRES:                                      |
 |----------------------------------------------------|
 |   -Cross section / <b> should = efficiency         |
 |    is independant of the normalisation of dN/dx    |
 |   -The integral of the phase fct / 4 pi over all   |
 |    directions (solid angle) = 1.                   |
 |   -The volume coefficient (k) is equal to C * N    |
 |      = cross section * Number density              |
 |      typical units: [um^2]*[particles/cm^3] =      |
 |      [10^-3 km-1]                                  |
 |      N = M/(d*4/3*pi*r^3) where d is the density   |
 |      of particle, M is the mass per unit volume    |
 |      and 4/3*pi*r^3 is the average volume  of a    |
 |      particle.                                     |
 |      typical units:  M -> [ug/m^3], d -> [g/cm^3]  |
 |                      r -> [um]                     |
 |----------------------------------------------------|
